<?xml version="1.0" encoding="UTF-8"?>
<!-- Generated by org.testng.reporters.JUnitReportReporter -->
<testsuite hostname="SarthakDell" failures="0" tests="1" name="com.qa.tutorialsninja.TestCases.LoginTest" time="8.932" errors="0" timestamp="2023-09-12T22:46:31 GMT-04:00" skipped="0">
  <testcase classname="com.qa.tutorialsninja.TestCases.LoginTest" name="verifyLoginWithValidCredentials" time="8.932"/>
</testsuite> <!-- com.qa.tutorialsninja.TestCases.LoginTest -->
