<?xml version="1.0" encoding="UTF-8"?>
<!-- Generated by org.testng.reporters.JUnitReportReporter -->
<testsuite hostname="SarthakDell" failures="0" tests="4" name="com.qa.tutorialsninja.TestCases.RegisterTest" time="29.707" errors="0" timestamp="2023-09-12T21:31:38 GMT-04:00" skipped="0">
  <testcase classname="com.qa.tutorialsninja.TestCases.RegisterTest" name="verifyRegisterAccountWithMandatoryDetails" time="7.573"/>
  <testcase classname="com.qa.tutorialsninja.TestCases.RegisterTest" name="verifyRegisterAccountWithAllDetails" time="7.693"/>
  <testcase classname="com.qa.tutorialsninja.TestCases.RegisterTest" name="verifyRegisterAccountWithNoDetails" time="7.395"/>
  <testcase classname="com.qa.tutorialsninja.TestCases.RegisterTest" name="verifyRegisterAccountWithDuplicateEmail" time="7.046"/>
</testsuite> <!-- com.qa.tutorialsninja.TestCases.RegisterTest -->
