<?xml version="1.0" encoding="UTF-8"?>
<!-- Generated by org.testng.reporters.JUnitReportReporter -->
<testsuite hostname="SarthakDell" failures="0" tests="3" name="com.qa.tutorialsninja.TestCases.SearchProductTest" time="17.970" errors="0" timestamp="2023-09-12T21:31:38 GMT-04:00" skipped="0">
  <testcase classname="com.qa.tutorialsninja.TestCases.SearchProductTest" name="verifySearchWithValidProduct" time="6.331"/>
  <testcase classname="com.qa.tutorialsninja.TestCases.SearchProductTest" name="verifySearchWithInvalidProduct" time="6.513"/>
  <testcase classname="com.qa.tutorialsninja.TestCases.SearchProductTest" name="verifySearchWithNoProduct" time="5.126"/>
</testsuite> <!-- com.qa.tutorialsninja.TestCases.SearchProductTest -->
